This is pdfTeX, Version 3.14159265-2.6-1.40.20 (TeX Live 2019/Debian) (preloaded format=pdflatex 2020.6.23)  11 JUL 2020 22:20
entering extended mode
 restricted \write18 enabled.
 %&-line parsing enabled.
**final_report_week1.tex
(./final_report_week1.tex
LaTeX2e <2020-02-02> patch level 2
L3 programming layer <2020-02-14>
(/usr/share/texlive/texmf-dist/tex/latex/base/article.cls
Document Class: article 2019/12/20 v1.4l Standard LaTeX document class
(/usr/share/texlive/texmf-dist/tex/latex/base/size10.clo
File: size10.clo 2019/12/20 v1.4l Standard LaTeX file (size option)
)
\c@part=\count167
\c@section=\count168
\c@subsection=\count169
\c@subsubsection=\count170
\c@paragraph=\count171
\c@subparagraph=\count172
\c@figure=\count173
\c@table=\count174
\abovecaptionskip=\skip47
\belowcaptionskip=\skip48
\bibindent=\dimen134
)
(/usr/share/texlive/texmf-dist/tex/latex/base/inputenc.sty
Package: inputenc 2018/08/11 v1.3c Input encoding file
\inpenc@prehook=\toks14
\inpenc@posthook=\toks15
)
(/usr/share/texlive/texmf-dist/tex/latex/natbib/natbib.sty
Package: natbib 2010/09/13 8.31b (PWD, AO)
\bibhang=\skip49
\bibsep=\skip50
LaTeX Info: Redefining \cite on input line 694.
\c@NAT@ctr=\count175
)
(/usr/share/texlive/texmf-dist/tex/latex/graphics/graphicx.sty
Package: graphicx 2019/11/30 v1.2a Enhanced LaTeX Graphics (DPC,SPQR)

(/usr/share/texlive/texmf-dist/tex/latex/graphics/keyval.sty
Package: keyval 2014/10/28 v1.15 key=value parser (DPC)
\KV@toks@=\toks16
)
(/usr/share/texlive/texmf-dist/tex/latex/graphics/graphics.sty
Package: graphics 2019/11/30 v1.4a Standard LaTeX Graphics (DPC,SPQR)

(/usr/share/texlive/texmf-dist/tex/latex/graphics/trig.sty
Package: trig 2016/01/03 v1.10 sin cos tan (DPC)
)
(/usr/share/texlive/texmf-dist/tex/latex/graphics-cfg/graphics.cfg
File: graphics.cfg 2016/06/04 v1.11 sample graphics configuration
)
Package graphics Info: Driver file: pdftex.def on input line 105.

(/usr/share/texlive/texmf-dist/tex/latex/graphics-def/pdftex.def
File: pdftex.def 2018/01/08 v1.0l Graphics/color driver for pdftex
))
\Gin@req@height=\dimen135
\Gin@req@width=\dimen136
)
(/usr/share/texlive/texmf-dist/tex/latex/l3backend/l3backend-pdfmode.def
File: l3backend-pdfmode.def 2020-02-03 L3 backend support: PDF mode
\l__kernel_color_stack_int=\count176
\l__pdf_internal_box=\box45
)
(./final_report_week1.aux)
\openout1 = `final_report_week1.aux'.

LaTeX Font Info:    Checking defaults for OML/cmm/m/it on input line 11.
LaTeX Font Info:    ... okay on input line 11.
LaTeX Font Info:    Checking defaults for OMS/cmsy/m/n on input line 11.
LaTeX Font Info:    ... okay on input line 11.
LaTeX Font Info:    Checking defaults for OT1/cmr/m/n on input line 11.
LaTeX Font Info:    ... okay on input line 11.
LaTeX Font Info:    Checking defaults for T1/cmr/m/n on input line 11.
LaTeX Font Info:    ... okay on input line 11.
LaTeX Font Info:    Checking defaults for TS1/cmr/m/n on input line 11.
LaTeX Font Info:    ... okay on input line 11.
LaTeX Font Info:    Checking defaults for OMX/cmex/m/n on input line 11.
LaTeX Font Info:    ... okay on input line 11.
LaTeX Font Info:    Checking defaults for U/cmr/m/n on input line 11.
LaTeX Font Info:    ... okay on input line 11.

(/usr/share/texlive/texmf-dist/tex/context/base/mkii/supp-pdf.mkii
[Loading MPS to PDF converter (version 2006.09.02).]
\scratchcounter=\count177
\scratchdimen=\dimen137
\scratchbox=\box46
\nofMPsegments=\count178
\nofMParguments=\count179
\everyMPshowfont=\toks17
\MPscratchCnt=\count180
\MPscratchDim=\dimen138
\MPnumerator=\count181
\makeMPintoPDFobject=\count182
\everyMPtoPDFconversion=\toks18
) (/usr/share/texlive/texmf-dist/tex/latex/epstopdf-pkg/epstopdf-base.sty
Package: epstopdf-base 2020-01-24 v2.11 Base part for package epstopdf
Package epstopdf-base Info: Redefining graphics rule for `.eps' on input line 4
85.

(/usr/share/texlive/texmf-dist/tex/latex/latexconfig/epstopdf-sys.cfg
File: epstopdf-sys.cfg 2010/07/13 v1.3 Configuration of (r)epstopdf for TeX Liv
e
))
LaTeX Font Info:    External font `cmex10' loaded for size
(Font)              <12> on input line 13.
LaTeX Font Info:    External font `cmex10' loaded for size
(Font)              <8> on input line 13.
LaTeX Font Info:    External font `cmex10' loaded for size
(Font)              <6> on input line 13.

Underfull \hbox (badness 10000) in paragraph at lines 17--18

 []


Underfull \hbox (badness 10000) in paragraph at lines 19--20

 []


Underfull \hbox (badness 10000) in paragraph at lines 27--28

 []

<hs.png, id=1, 350.30875pt x 113.42375pt>
File: hs.png Graphic file (type png)
<use hs.png>
Package pdftex.def Info: hs.png  used on input line 31.
(pdftex.def)             Requested size: 350.30789pt x 113.42346pt.

Overfull \hbox (5.30789pt too wide) in paragraph at lines 31--32
[][] 
 []

[1

{/var/lib/texmf/fonts/map/pdftex/updmap/pdftex.map}]
<tv.png, id=12, 1048.91875pt x 184.69pt>
File: tv.png Graphic file (type png)
<use tv.png>
Package pdftex.def Info: tv.png  used on input line 41.
(pdftex.def)             Requested size: 345.0pt x 60.74496pt.

Underfull \hbox (badness 10000) in paragraph at lines 49--50

 []

LaTeX Font Info:    External font `cmex10' loaded for size
(Font)              <7> on input line 51.
LaTeX Font Info:    External font `cmex10' loaded for size
(Font)              <5> on input line 51.

Underfull \hbox (badness 10000) in paragraph at lines 51--52

 []

<hs_final.png, id=13, 529.98pt x 139.52126pt>
File: hs_final.png Graphic file (type png)
<use hs_final.png>
Package pdftex.def Info: hs_final.png  used on input line 55.
(pdftex.def)             Requested size: 345.0pt x 90.82397pt.

Underfull \hbox (badness 10000) in paragraph at lines 61--62

 []

[2 <./hs.png> <./tv.png>]
Underfull \hbox (badness 10000) in paragraph at lines 63--64

 []

<final.png, id=19, 972.63374pt x 244.915pt>
File: final.png Graphic file (type png)
<use final.png>
Package pdftex.def Info: final.png  used on input line 70.
(pdftex.def)             Requested size: 345.0pt x 86.87254pt.
[3 <./hs_final.png> <./final.png>]
<map1.jpg, id=26, 869.2475pt x 608.2725pt>
File: map1.jpg Graphic file (type jpg)
<use map1.jpg>
Package pdftex.def Info: map1.jpg  used on input line 82.
(pdftex.def)             Requested size: 345.0pt x 241.42055pt.
<hp.png, id=27, 433.62pt x 289.08pt>
File: hp.png Graphic file (type png)
<use hp.png>
Package pdftex.def Info: hp.png  used on input line 92.
(pdftex.def)             Requested size: 345.0pt x 230.01158pt.

Underfull \hbox (badness 10000) in paragraph at lines 100--101

 []

[4 <./map1.jpg>]
<map2.png, id=31, 873.2625pt x 569.12625pt>
File: map2.png Graphic file (type png)
<use map2.png>
Package pdftex.def Info: map2.png  used on input line 106.
(pdftex.def)             Requested size: 345.0pt x 224.84148pt.

Underfull \hbox (badness 10000) in paragraph at lines 114--115

 []

[5 <./hp.png>]
<hs1.png, id=36, 433.62pt x 289.08pt>
File: hs1.png Graphic file (type png)
<use hs1.png>
Package pdftex.def Info: hs1.png  used on input line 121.
(pdftex.def)             Requested size: 103.50105pt x 68.99686pt.
<hs2.png, id=37, 433.62pt x 289.08pt>
File: hs2.png Graphic file (type png)
<use hs2.png>
Package pdftex.def Info: hs2.png  used on input line 128.
(pdftex.def)             Requested size: 103.50105pt x 68.99686pt.
<hs3.png, id=38, 433.62pt x 289.08pt>
File: hs3.png Graphic file (type png)
<use hs3.png>
Package pdftex.def Info: hs3.png  used on input line 135.
(pdftex.def)             Requested size: 103.50105pt x 68.99686pt.


LaTeX Warning: Reference `fig:avg' on page 6 undefined on input line 141.

[6 <./map2.png> <./hs1.png> <./hs2.png> <./hs3.png>]
Underfull \hbox (badness 10000) in paragraph at lines 144--146

 []


Underfull \hbox (badness 10000) in paragraph at lines 149--150

 []


Underfull \hbox (badness 10000) in paragraph at lines 151--152

 []

(./final_report_week1.bbl [7]) [8] (./final_report_week1.aux)

LaTeX Warning: There were undefined references.

 ) 
Here is how much of TeX's memory you used:
 1597 strings out of 481239
 22315 string characters out of 5920377
 257852 words of memory out of 5000000
 16880 multiletter control sequences out of 15000+600000
 536593 words of font info for 38 fonts, out of 8000000 for 9000
 1141 hyphenation exceptions out of 8191
 30i,7n,25p,754b,255s stack positions out of 5000i,500n,10000p,200000b,80000s
</usr/share/texlive/texmf-dist/fonts/type1/public/amsfonts/cm/cmbx10.pfb></us
r/share/texlive/texmf-dist/fonts/type1/public/amsfonts/cm/cmbx12.pfb></usr/shar
e/texlive/texmf-dist/fonts/type1/public/amsfonts/cm/cmmi10.pfb></usr/share/texl
ive/texmf-dist/fonts/type1/public/amsfonts/cm/cmr10.pfb></usr/share/texlive/tex
mf-dist/fonts/type1/public/amsfonts/cm/cmr12.pfb></usr/share/texlive/texmf-dist
/fonts/type1/public/amsfonts/cm/cmr17.pfb></usr/share/texlive/texmf-dist/fonts/
type1/public/amsfonts/cm/cmsy10.pfb></usr/share/texlive/texmf-dist/fonts/type1/
public/amsfonts/cm/cmsy7.pfb>
Output written on final_report_week1.pdf (8 pages, 1609966 bytes).
PDF statistics:
 83 PDF objects out of 1000 (max. 8388607)
 45 compressed objects within 1 object stream
 0 named destinations out of 1000 (max. 500000)
 51 words of extra memory for PDF output out of 10000 (max. 10000000)

